#-----------------------------------------------------------
# Vivado v2017.4 (64-bit)
# SW Build 2086221 on Fri Dec 15 20:55:39 MST 2017
# IP Build 2085800 on Fri Dec 15 22:25:07 MST 2017
# Start of session at: Fri Mar  1 10:52:53 2019
# Process ID: 56964
# Current directory: C:/Users/hammi/Documents/ShootingStar/GameEngine/ESP_Readout_VHDL
# Command line: vivado.exe -gui_launcher_event rodinguilauncherevent47708 C:\Users\hammi\Documents\ShootingStar\GameEngine\ESP_Readout_VHDL\ESP_Readout_VHDL.xpr
# Log file: C:/Users/hammi/Documents/ShootingStar/GameEngine/ESP_Readout_VHDL/vivado.log
# Journal file: C:/Users/hammi/Documents/ShootingStar/GameEngine/ESP_Readout_VHDL\vivado.jou
#-----------------------------------------------------------
start_gui
open_project C:/Users/hammi/Documents/ShootingStar/GameEngine/ESP_Readout_VHDL/ESP_Readout_VHDL.xpr
INFO: [Project 1-313] Project file moved from 'C:/Users/hammi/OneDrive/Documenten/ShootingStar/GameEngine/ESP_Readout_VHDL' since last save.
Scanning sources...
Finished scanning sources
WARNING: [filemgmt 56-2] IPUserFilesDir: Could not find the directory 'C:/Users/hammi/Documents/ShootingStar/GameEngine/ESP_Readout_VHDL/ESP_Readout_VHDL.ip_user_files', nor could it be found using path 'C:/Users/hammi/OneDrive/Documenten/ShootingStar/GameEngine/ESP_Readout_VHDL/ESP_Readout_VHDL.ip_user_files'.
INFO: [IP_Flow 19-234] Refreshing IP repositories
INFO: [IP_Flow 19-1704] No user IP repositories specified
INFO: [IP_Flow 19-2313] Loaded Vivado IP repository 'C:/Xilinx/Vivado/2017.4/data/ip'.
open_project: Time (s): cpu = 00:00:15 ; elapsed = 00:00:09 . Memory (MB): peak = 693.465 ; gain = 69.980
update_compile_order -fileset sources_1
exit
INFO: [Common 17-206] Exiting Vivado at Fri Mar  1 11:02:24 2019...
